<?xml version="1.0" encoding="UTF-8"?>
<!-- Generated by org.testng.reporters.JUnitReportReporter -->
<testsuite hostname="DESKTOP-QI93TJ4" failures="0" tests="9" name="com.sgtetsing.dataprovider.Scenario5" time="62.584" errors="0" timestamp="2022-04-24T23:27:46 IST" skipped="0">
  <testcase classname="com.sgtetsing.dataprovider.Scenario5" name="LaunchBrowser" time="6.931"/>
  <system-out/>
  <testcase classname="com.sgtetsing.dataprovider.Scenario5" name="navigate" time="2.170"/>
  <system-out/>
  <testcase classname="com.sgtetsing.dataprovider.Scenario5" name="Login" time="5.211"/>
  <system-out/>
  <testcase classname="com.sgtetsing.dataprovider.Scenario5" name="CreateCustomer" time="13.254"/>
  <system-out/>
  <testcase classname="com.sgtetsing.dataprovider.Scenario5" name="CreatProject" time="10.303"/>
  <system-out/>
  <testcase classname="com.sgtetsing.dataprovider.Scenario5" name="DeleteProject" time="10.319"/>
  <system-out/>
  <testcase classname="com.sgtetsing.dataprovider.Scenario5" name="DeleteCustomer" time="13.317"/>
  <system-out/>
  <testcase classname="com.sgtetsing.dataprovider.Scenario5" name="Logout" time="0.598"/>
  <system-out/>
  <testcase classname="com.sgtetsing.dataprovider.Scenario5" name="CloseApplication" time="0.481"/>
  <system-out/>
</testsuite> <!-- com.sgtetsing.dataprovider.Scenario5 -->
