<?xml version="1.0" encoding="UTF-8"?>
<!-- Generated by org.testng.reporters.JUnitReportReporter -->
<testsuite hostname="DESKTOP-QI93TJ4" failures="0" tests="8" name="com.sgtetsing.dataprovider.Scenario4" time="46.237" errors="0" timestamp="2022-04-24T23:07:37 IST" skipped="0">
  <testcase classname="com.sgtetsing.dataprovider.Scenario4" name="LaunchBrowser" time="7.071"/>
  <system-out/>
  <testcase classname="com.sgtetsing.dataprovider.Scenario4" name="navigate" time="1.783"/>
  <system-out/>
  <testcase classname="com.sgtetsing.dataprovider.Scenario4" name="Login" time="7.973"/>
  <system-out/>
  <testcase classname="com.sgtetsing.dataprovider.Scenario4" name="CreateCustomer" time="11.061"/>
  <system-out/>
  <testcase classname="com.sgtetsing.dataprovider.Scenario4" name="ModifyCustomer" time="8.387"/>
  <system-out/>
  <testcase classname="com.sgtetsing.dataprovider.Scenario4" name="DeleteCustomer" time="9.303"/>
  <system-out/>
  <testcase classname="com.sgtetsing.dataprovider.Scenario4" name="Logout" time="0.245"/>
  <system-out/>
  <testcase classname="com.sgtetsing.dataprovider.Scenario4" name="CloseApplication" time="0.414"/>
  <system-out/>
</testsuite> <!-- com.sgtetsing.dataprovider.Scenario4 -->
