<?xml version="1.0" encoding="UTF-8"?>
<!-- Generated by org.testng.reporters.JUnitReportReporter -->
<testsuite hostname="DESKTOP-QI93TJ4" failures="0" tests="6" name="com.sgtetsing.dataprovider.LoginLogout" time="34.165" errors="0" timestamp="2022-04-25T00:24:16 IST" skipped="0">
  <testcase classname="com.sgtetsing.dataprovider.LoginLogout" name="launchBrowser" time="2.422"/>
  <system-out/>
  <testcase classname="com.sgtetsing.dataprovider.LoginLogout" name="navigate" time="5.818"/>
  <system-out/>
  <testcase classname="com.sgtetsing.dataprovider.LoginLogout" name="login" time="8.438"/>
  <system-out/>
  <testcase classname="com.sgtetsing.dataprovider.LoginLogout" name="login" time="8.504"/>
  <system-out/>
  <testcase classname="com.sgtetsing.dataprovider.LoginLogout" name="login" time="8.723"/>
  <system-out/>
  <testcase classname="com.sgtetsing.dataprovider.LoginLogout" name="closeApplication" time="0.260"/>
  <system-out/>
</testsuite> <!-- com.sgtetsing.dataprovider.LoginLogout -->
