<?xml version="1.0" encoding="UTF-8"?>
<!-- Generated by org.testng.reporters.JUnitReportReporter -->
<testsuite hostname="DESKTOP-QI93TJ4" failures="0" tests="8" name="com.sgtetsing.dataprovider.Scenario2" time="53.427" errors="0" timestamp="2022-04-25T00:04:43 IST" skipped="0">
  <testcase classname="com.sgtetsing.dataprovider.Scenario2" name="LaunchBrowser" time="3.335"/>
  <system-out/>
  <testcase classname="com.sgtetsing.dataprovider.Scenario2" name="navigate" time="3.894"/>
  <system-out/>
  <testcase classname="com.sgtetsing.dataprovider.Scenario2" name="Login" time="6.210"/>
  <system-out/>
  <testcase classname="com.sgtetsing.dataprovider.Scenario2" name="CreateUser" time="21.569"/>
  <system-out/>
  <testcase classname="com.sgtetsing.dataprovider.Scenario2" name="ModifyUser" time="9.392"/>
  <system-out/>
  <testcase classname="com.sgtetsing.dataprovider.Scenario2" name="DeleteUser" time="8.300"/>
  <system-out/>
  <testcase classname="com.sgtetsing.dataprovider.Scenario2" name="Logout" time="0.283"/>
  <system-out/>
  <testcase classname="com.sgtetsing.dataprovider.Scenario2" name="CloseApplication" time="0.444"/>
  <system-out/>
</testsuite> <!-- com.sgtetsing.dataprovider.Scenario2 -->
