<?xml version="1.0" encoding="UTF-8"?>
<!-- Generated by org.testng.reporters.JUnitReportReporter -->
<testsuite hostname="DESKTOP-QI93TJ4" failures="0" tests="11" name="com.sgtetsing.dataprovider.Scenario7" time="84.115" errors="0" timestamp="2022-04-25T00:23:01 IST" skipped="0">
  <testcase classname="com.sgtetsing.dataprovider.Scenario7" name="LaunchBrowser" time="6.733"/>
  <system-out/>
  <testcase classname="com.sgtetsing.dataprovider.Scenario7" name="navigate" time="1.433"/>
  <system-out/>
  <testcase classname="com.sgtetsing.dataprovider.Scenario7" name="Login" time="5.797"/>
  <system-out/>
  <testcase classname="com.sgtetsing.dataprovider.Scenario7" name="CreateCustomer" time="13.289"/>
  <system-out/>
  <testcase classname="com.sgtetsing.dataprovider.Scenario7" name="CreatProject" time="10.264"/>
  <system-out/>
  <testcase classname="com.sgtetsing.dataprovider.Scenario7" name="CreateTask" time="15.349"/>
  <system-out/>
  <testcase classname="com.sgtetsing.dataprovider.Scenario7" name="DeleteTask" time="9.189"/>
  <system-out/>
  <testcase classname="com.sgtetsing.dataprovider.Scenario7" name="DeleteProject" time="11.264"/>
  <system-out/>
  <testcase classname="com.sgtetsing.dataprovider.Scenario7" name="DeleteCustomer" time="10.259"/>
  <system-out/>
  <testcase classname="com.sgtetsing.dataprovider.Scenario7" name="Logout" time="0.277"/>
  <system-out/>
  <testcase classname="com.sgtetsing.dataprovider.Scenario7" name="CloseApplication" time="0.261"/>
  <system-out/>
</testsuite> <!-- com.sgtetsing.dataprovider.Scenario7 -->
