<?xml version="1.0" encoding="UTF-8"?>
<!-- Generated by org.testng.reporters.JUnitReportReporter -->
<testsuite hostname="DESKTOP-QI93TJ4" failures="0" tests="7" name="com.sgtetsing.dataprovider.Createuser" time="175.787" errors="0" timestamp="2022-05-06T11:22:18 IST" skipped="0">
  <testcase classname="com.sgtetsing.dataprovider.Createuser" name="launchBrowser" time="77.463"/>
  <system-out/>
  <testcase classname="com.sgtetsing.dataprovider.Createuser" name="navigate" time="20.912"/>
  <system-out/>
  <testcase classname="com.sgtetsing.dataprovider.Createuser" name="login" time="38.963"/>
  <system-out/>
  <testcase classname="com.sgtetsing.dataprovider.Createuser" name="createuser" time="33.120"/>
  <system-out/>
  <testcase classname="com.sgtetsing.dataprovider.Createuser" name="DeleteUser" time="1.134"/>
  <system-out/>
  <testcase classname="com.sgtetsing.dataprovider.Createuser" name="Logout" time="1.148"/>
  <system-out/>
  <testcase classname="com.sgtetsing.dataprovider.Createuser" name="CloseApplication" time="3.047"/>
  <system-out/>
</testsuite> <!-- com.sgtetsing.dataprovider.Createuser -->
