<?xml version="1.0" encoding="UTF-8"?>
<!-- Generated by org.testng.reporters.JUnitReportReporter -->
<testsuite hostname="DESKTOP-QI93TJ4" failures="0" tests="10" name="com.sgtetsing.dataprovider.Scenario6" time="73.526" errors="0" timestamp="2022-04-24T23:34:15 IST" skipped="0">
  <testcase classname="com.sgtetsing.dataprovider.Scenario6" name="LaunchBrowser" time="7.162"/>
  <system-out/>
  <testcase classname="com.sgtetsing.dataprovider.Scenario6" name="navigate" time="5.522"/>
  <system-out/>
  <testcase classname="com.sgtetsing.dataprovider.Scenario6" name="Login" time="6.487"/>
  <system-out/>
  <testcase classname="com.sgtetsing.dataprovider.Scenario6" name="CreateCustomer" time="13.289"/>
  <system-out/>
  <testcase classname="com.sgtetsing.dataprovider.Scenario6" name="CreatProject" time="10.298"/>
  <system-out/>
  <testcase classname="com.sgtetsing.dataprovider.Scenario6" name="ModifyProject" time="10.299"/>
  <system-out/>
  <testcase classname="com.sgtetsing.dataprovider.Scenario6" name="DeleteProject" time="10.265"/>
  <system-out/>
  <testcase classname="com.sgtetsing.dataprovider.Scenario6" name="DeleteCustomer" time="9.339"/>
  <system-out/>
  <testcase classname="com.sgtetsing.dataprovider.Scenario6" name="Logout" time="0.288"/>
  <system-out/>
  <testcase classname="com.sgtetsing.dataprovider.Scenario6" name="CloseApplication" time="0.577"/>
  <system-out/>
</testsuite> <!-- com.sgtetsing.dataprovider.Scenario6 -->
