<?xml version="1.0" encoding="UTF-8"?>
<!-- Generated by org.testng.reporters.JUnitReportReporter -->
<testsuite hostname="DESKTOP-QI93TJ4" failures="0" tests="7" name="com.sgtetsing.dataprovider.Scenario3" time="44.207" errors="0" timestamp="2022-04-24T22:54:06 IST" skipped="0">
  <testcase classname="com.sgtetsing.dataprovider.Scenario3" name="LaunchBrowser" time="8.461"/>
  <system-out/>
  <testcase classname="com.sgtetsing.dataprovider.Scenario3" name="navigate" time="4.690"/>
  <system-out/>
  <testcase classname="com.sgtetsing.dataprovider.Scenario3" name="Login" time="5.283"/>
  <system-out/>
  <testcase classname="com.sgtetsing.dataprovider.Scenario3" name="CreateCustomer" time="15.746"/>
  <system-out/>
  <testcase classname="com.sgtetsing.dataprovider.Scenario3" name="DeleteCustomer" time="9.286"/>
  <system-out/>
  <testcase classname="com.sgtetsing.dataprovider.Scenario3" name="Logout" time="0.256"/>
  <system-out/>
  <testcase classname="com.sgtetsing.dataprovider.Scenario3" name="CloseApplication" time="0.485"/>
  <system-out/>
</testsuite> <!-- com.sgtetsing.dataprovider.Scenario3 -->
